2024-10-28 22:21:26,715 - SystemInstaller - INFO - [logger.py:31] - Downloading TAP driver...
2024-10-28 22:21:26,905 - SystemInstaller - ERROR - [logger.py:34] - Setup failed: ('Connection aborted.', ConnectionResetError(10054, 'An existing connection was forcibly closed by the remote host', None, 10054, None))
2024-10-28 22:21:43,980 - SystemInstaller - INFO - [logger.py:31] - Downloading TAP driver...
2024-10-28 22:21:44,072 - SystemInstaller - ERROR - [logger.py:34] - Setup failed: ('Connection aborted.', ConnectionResetError(10054, 'An existing connection was forcibly closed by the remote host', None, 10054, None))
2024-10-28 22:24:18,539 - SystemInstaller - INFO - [logger.py:31] - Downloading TAP driver...
2024-10-28 22:24:18,630 - SystemInstaller - ERROR - [logger.py:34] - Setup failed: ('Connection aborted.', ConnectionResetError(10054, 'An existing connection was forcibly closed by the remote host', None, 10054, None))
2024-10-28 22:27:41,940 - SystemInstaller - INFO - [logger.py:31] - Downloading TAP driver...
2024-10-28 22:27:42,114 - SystemInstaller - ERROR - [logger.py:34] - Setup failed: Failed to download TAP driver: ('Connection aborted.', ConnectionResetError(10054, 'An existing connection was forcibly closed by the remote host', None, 10054, None))
2024-10-28 22:30:28,659 - SystemInstaller - INFO - [logger.py:31] - Downloading TAP driver from https://build.openvpn.net/downloads/releases/tap-windows-9.24.2-I601-Win10.exe...
2024-10-28 22:30:29,026 - SystemInstaller - ERROR - [logger.py:34] - Failed to download from https://build.openvpn.net/downloads/releases/tap-windows-9.24.2-I601-Win10.exe: Failed to download TAP driver: HTTPSConnectionPool(host='build.openvpn.net', port=443): Max retries exceeded with url: /downloads/releases/tap-windows-9.24.2-I601-Win10.exe (Caused by ProtocolError('Connection aborted.', ConnectionResetError(10054, 'An existing connection was forcibly closed by the remote host', None, 10054, None)))
2024-10-28 22:30:29,027 - SystemInstaller - INFO - [logger.py:31] - Downloading TAP driver from https://swupdate.openvpn.org/community/releases/tap-windows-9.24.2-I601-Win10.exe...
2024-10-28 22:58:09,652 - SystemInstaller - ERROR - [logger.py:34] - Setup failed: 'SystemInstaller' object has no attribute '_is_tap_driver_installed'
2024-10-28 22:59:10,151 - SystemInstaller - INFO - [logger.py:31] - TAP driver not found, installing...
2024-10-28 22:59:13,568 - SystemInstaller - ERROR - [logger.py:34] - Setup failed: TAP driver installation failed
2024-10-28 22:59:46,585 - SystemInstaller - INFO - [logger.py:31] - TAP driver not found, installing...
2024-10-28 22:59:49,525 - SystemInstaller - ERROR - [logger.py:34] - Setup failed: TAP driver installation failed
2024-10-28 23:01:15,137 - SystemInstaller - INFO - [logger.py:31] - TAP driver not found, installing...
2024-10-28 23:01:21,079 - SystemInstaller - ERROR - [logger.py:34] - Setup failed: TAP driver installation failed
2024-10-28 23:01:45,474 - SystemInstaller - INFO - [logger.py:31] - TAP driver not found, installing...
2024-10-28 23:01:51,410 - SystemInstaller - ERROR - [logger.py:34] - Setup failed: TAP driver installation failed
2024-10-28 23:02:04,741 - SystemInstaller - INFO - [logger.py:31] - TAP driver not found, installing...
2024-10-28 23:02:10,674 - SystemInstaller - ERROR - [logger.py:34] - Setup failed: TAP driver installation failed
2024-10-28 23:03:18,788 - SystemInstaller - INFO - [logger.py:31] - TAP driver not found, installing...
2024-10-28 23:03:29,778 - SystemInstaller - ERROR - [logger.py:34] - Setup failed: TAP driver installation failed
2024-10-28 23:03:43,631 - SystemInstaller - INFO - [logger.py:31] - TAP driver not found, installing...
2024-10-28 23:03:54,601 - SystemInstaller - ERROR - [logger.py:34] - Setup failed: TAP driver installation failed
2024-10-28 23:05:29,355 - SystemInstaller - INFO - [logger.py:31] - tapctl not found at expected path
2024-10-28 23:05:29,355 - SystemInstaller - INFO - [logger.py:31] - TAP driver not found, installing...
2024-10-28 23:05:40,335 - SystemInstaller - INFO - [logger.py:31] - tapctl not found at expected path
2024-10-28 23:05:40,335 - SystemInstaller - ERROR - [logger.py:34] - Setup failed: TAP driver installation completed but driver not found
2024-10-28 23:07:04,234 - SystemInstaller - INFO - [logger.py:31] - No working tapctl installation found
2024-10-28 23:07:04,235 - SystemInstaller - INFO - [logger.py:31] - TAP driver not found, installing...
2024-10-28 23:07:04,235 - SystemInstaller - INFO - [logger.py:31] - Running installer from: C:\Users\Triple\Desktop\EZLan\ezlan\resources\tap-windows.exe
2024-10-28 23:07:20,176 - SystemInstaller - INFO - [logger.py:31] - No working tapctl installation found
2024-10-28 23:07:20,176 - SystemInstaller - ERROR - [logger.py:34] - Setup failed: TAP driver installation completed but driver not found in any expected location
2024-10-28 23:09:39,491 - SystemInstaller - INFO - [logger.py:31] - No working tapctl installation found
2024-10-28 23:09:39,491 - SystemInstaller - INFO - [logger.py:31] - TAP driver not found, launching installer...
2024-10-28 23:09:39,491 - SystemInstaller - INFO - [logger.py:31] - Please complete the TAP driver installation wizard...
2024-10-28 23:09:50,737 - SystemInstaller - INFO - [logger.py:31] - No working tapctl installation found
2024-10-28 23:10:00,739 - SystemInstaller - INFO - [logger.py:31] - Waiting for TAP driver installation to complete...
2024-10-28 23:10:00,740 - SystemInstaller - INFO - [logger.py:31] - No working tapctl installation found
2024-10-28 23:10:10,741 - SystemInstaller - INFO - [logger.py:31] - Waiting for TAP driver installation to complete...
2024-10-28 23:10:10,742 - SystemInstaller - INFO - [logger.py:31] - No working tapctl installation found
2024-10-28 23:10:20,742 - SystemInstaller - INFO - [logger.py:31] - Waiting for TAP driver installation to complete...
2024-10-28 23:10:20,743 - SystemInstaller - INFO - [logger.py:31] - No working tapctl installation found
2024-10-28 23:10:30,743 - SystemInstaller - INFO - [logger.py:31] - Waiting for TAP driver installation to complete...
2024-10-28 23:10:30,745 - SystemInstaller - INFO - [logger.py:31] - No working tapctl installation found
2024-10-28 23:10:40,747 - SystemInstaller - INFO - [logger.py:31] - Waiting for TAP driver installation to complete...
2024-10-28 23:10:40,747 - SystemInstaller - INFO - [logger.py:31] - No working tapctl installation found
2024-10-28 23:10:50,749 - SystemInstaller - INFO - [logger.py:31] - Waiting for TAP driver installation to complete...
2024-10-28 23:10:50,751 - SystemInstaller - INFO - [logger.py:31] - No working tapctl installation found
2024-10-28 23:11:00,752 - SystemInstaller - INFO - [logger.py:31] - Waiting for TAP driver installation to complete...
2024-10-28 23:11:00,752 - SystemInstaller - INFO - [logger.py:31] - No working tapctl installation found
2024-10-28 23:11:10,754 - SystemInstaller - INFO - [logger.py:31] - Waiting for TAP driver installation to complete...
2024-10-28 23:11:10,754 - SystemInstaller - INFO - [logger.py:31] - No working tapctl installation found
2024-10-28 23:11:20,755 - SystemInstaller - INFO - [logger.py:31] - Waiting for TAP driver installation to complete...
2024-10-28 23:11:20,755 - SystemInstaller - INFO - [logger.py:31] - No working tapctl installation found
2024-10-28 23:11:30,756 - SystemInstaller - INFO - [logger.py:31] - Waiting for TAP driver installation to complete...
2024-10-28 23:11:30,756 - SystemInstaller - INFO - [logger.py:31] - No working tapctl installation found
2024-10-28 23:11:40,757 - SystemInstaller - INFO - [logger.py:31] - Waiting for TAP driver installation to complete...
2024-10-28 23:11:40,759 - SystemInstaller - INFO - [logger.py:31] - No working tapctl installation found
2024-10-28 23:11:50,760 - SystemInstaller - INFO - [logger.py:31] - Waiting for TAP driver installation to complete...
2024-10-28 23:11:50,762 - SystemInstaller - INFO - [logger.py:31] - No working tapctl installation found
2024-10-28 23:12:00,764 - SystemInstaller - INFO - [logger.py:31] - Waiting for TAP driver installation to complete...
2024-10-28 23:12:00,764 - SystemInstaller - INFO - [logger.py:31] - No working tapctl installation found
2024-10-28 23:12:32,154 - SystemInstaller - INFO - [logger.py:31] - Found TAP driver in registry
2024-10-28 23:16:33,992 - SystemInstaller - INFO - [logger.py:31] - Found TAP driver in registry
2024-10-28 23:16:42,607 - SystemInstaller - INFO - [logger.py:31] - Found TAP driver in registry
2024-10-28 23:16:42,607 - SystemInstaller - INFO - [logger.py:31] - Found TAP driver in registry
2024-10-28 23:18:40,196 - SystemInstaller - INFO - [logger.py:31] - Found TAP driver in registry
